Increased by 1 sec
Increased by 1 sec
Increased by 1 sec
Increased by 1 sec
Increased by 1 sec
Increased by 1 sec
Increased by 1 sec
Increased by 1 sec
Increased by 1 sec
Increased by 1 sec
Increased by 1 sec
Increased by 1 sec
Increased by 1 sec
Increased by 1 sec
Increased by 1 sec
Increased by 1 sec
Increased by 1 sec
Increased by 1 sec
Increased by 1 sec
Increased by 1 sec
Increased by 1 sec
Increased by 1 sec
Increased by 1 sec
Increased by 1 sec
Increased by 1 sec
Increased by 1 sec
Increased by 1 sec
Increased by 1 sec
Increased by 1 sec
Increased by 1 sec
Increased by 1 sec
Increased by 1 sec
Increased by 1 sec
Increased by 1 sec
Increased by 1 sec
Increased by 1 sec
Increased by 1 sec
Increased by 1 sec
Increased by 1 sec
Increased by 1 sec
Increased by 1 sec
Increased by 1 sec
Increased by 1 sec
Increased by 1 sec
Increased by 1 sec
Increased by 1 sec
Increased by 1 sec
Increased by 1 sec
Increased by 1 sec
Increased by 1 sec
Increased by 1 sec
Increased by 1 sec
Increased by 1 sec
Increased by 1 sec
Increased by 1 sec
Increased by 1 sec
Increased by 1 sec
Increased by 1 sec
Increased by 1 sec
Increased by 1 sec
Increased by 1 sec
Increased by 1 sec
Increased by 1 sec
Increased by 1 sec
Increased by 1 sec
Increased by 1 sec
Increased by 1 sec
Increased by 1 sec
Increased by 1 sec
Increased by 1 sec
Increased by 1 sec
Increased by 1 sec
Increased by 1 sec
Increased by 1 sec
Increased by 1 sec
Increased by 1 sec
Increased by 1 sec
Increased by 1 sec
Increased by 1 sec
Increased by 1 sec
Increased by 1 sec
Increased by 1 sec
Increased by 1 sec
Increased by 1 sec
Increased by 1 sec
Increased by 1 sec
Increased by 1 sec
Increased by 1 sec
Increased by 1 sec
Increased by 1 sec
Increased by 1 sec
Increased by 1 sec
Increased by 1 sec
Increased by 1 sec
Increased by 1 sec
Increased by 1 sec
Increased by 1 sec
Increased by 1 sec
Increased by 1 sec
Increased by 1 sec
Increased by 1 sec
Increased by 1 sec
Increased by 1 sec
Increased by 1 sec
Increased by 1 sec
Increased by 1 sec
Increased by 1 sec
Increased by 1 sec
Increased by 1 sec
Increased by 1 sec
Increased by 1 sec
Increased by 1 sec
Increased by 1 sec
Increased by 1 sec
Increased by 1 sec
Increased by 1 sec
Increased by 1 sec
Increased by 1 sec
Increased by 1 sec
Increased by 1 sec
Increased by 1 sec
Increased by 1 sec
Increased by 1 sec
Increased by 1 sec
Increased by 1 sec
Increased by 1 sec
Increased by 1 sec
Increased by 1 sec
Increased by 1 sec
Increased by 1 sec
Increased by 1 sec
Increased by 1 sec
Increased by 1 sec
Increased by 1 sec
Increased by 1 sec
Increased by 1 sec
Increased by 1 sec
Increased by 1 sec
Increased by 1 sec
Increased by 1 sec
Increased by 1 sec
Increased by 1 sec
Increased by 1 sec
Increased by 1 sec
Increased by 1 sec
Increased by 1 sec
Increased by 1 sec
Increased by 1 sec
Increased by 1 sec
Increased by 1 sec
Increased by 1 sec
Increased by 1 sec
Increased by 1 sec
Increased by 1 sec
Increased by 1 sec
Increased by 1 sec
Increased by 1 sec
Increased by 1 sec
Increased by 1 sec
Increased by 1 sec
Increased by 1 sec
Increased by 1 sec
Increased by 1 sec
Increased by 1 sec
Increased by 1 sec
Increased by 1 sec
Increased by 1 sec
Increased by 1 sec
Increased by 1 sec
Increased by 1 sec
Increased by 1 sec
Increased by 1 sec
Increased by 1 sec
Increased by 1 sec
Increased by 1 sec
Increased by 1 sec
Increased by 1 sec
Increased by 1 sec
Increased by 1 sec
Increased by 1 sec
Increased by 1 sec
Increased by 1 sec
Increased by 1 sec
Increased by 1 sec
Increased by 1 sec
Increased by 1 sec
Increased by 1 sec
Increased by 1 sec
Increased by 1 sec
Increased by 1 sec
Increased by 1 sec
Increased by 1 sec
Increased by 1 sec
Increased by 1 sec
Increased by 1 sec
Increased by 1 sec
Increased by 1 sec
Increased by 1 sec
Increased by 1 sec
Increased by 1 sec
Increased by 1 sec
Increased by 1 sec
Increased by 1 sec
Increased by 1 sec
Increased by 1 sec
Increased by 1 sec
Increased by 1 sec
Increased by 1 sec
Increased by 1 sec
Increased by 1 sec
Increased by 1 sec
Increased by 1 sec
Increased by 1 sec
Increased by 1 sec
Increased by 1 sec
Increased by 1 sec
Increased by 1 sec
Increased by 1 sec
Increased by 1 sec
Increased by 1 sec
Increased by 1 sec
Increased by 1 sec
Increased by 1 sec
Increased by 1 sec
Increased by 1 sec
Increased by 1 sec
Increased by 1 sec
Increased by 1 sec
Increased by 1 sec
Increased by 1 sec
Increased by 1 sec
Increased by 1 sec
Increased by 1 sec
Increased by 1 sec
Increased by 1 sec
Increased by 1 sec
Increased by 1 sec
Increased by 1 sec
Increased by 1 sec
Increased by 1 sec
Increased by 1 sec
Increased by 1 sec
Increased by 1 sec
Increased by 1 sec
Increased by 1 sec
Increased by 1 sec
Increased by 1 sec
Increased by 1 sec
Increased by 1 sec
Increased by 1 sec
Increased by 1 sec
Increased by 1 sec
Increased by 1 sec
Increased by 1 sec
Increased by 1 sec
Increased by 1 sec
Increased by 1 sec
Increased by 1 sec
Increased by 1 sec
Increased by 1 sec
Increased by 1 sec
Increased by 1 sec
Increased by 1 sec
Increased by 1 sec
Increased by 1 sec
Increased by 1 sec
Increased by 1 sec
Increased by 1 sec
Increased by 1 sec
Increased by 1 sec
Increased by 1 sec
Increased by 1 sec
Increased by 1 sec
Increased by 1 sec
Increased by 1 sec
Increased by 1 sec
Increased by 1 sec
Increased by 1 sec
Increased by 1 sec
Increased by 1 sec
Increased by 1 sec
Increased by 1 sec
Increased by 1 sec
Increased by 1 sec
Increased by 1 sec
Increased by 1 sec
Increased by 1 sec
Increased by 1 sec
Increased by 1 sec
Increased by 1 sec
Increased by 1 sec
Increased by 1 sec
Increased by 1 sec
Increased by 1 sec
Increased by 1 sec
Increased by 1 sec
Increased by 1 sec
Increased by 1 sec
Increased by 1 sec
Increased by 1 sec
Increased by 1 sec
Increased by 1 sec
Increased by 1 sec
Increased by 1 sec
Increased by 1 sec
Increased by 1 sec
Increased by 1 sec
Increased by 1 sec
Increased by 1 sec
Increased by 1 sec
Increased by 1 sec
Increased by 1 sec
Increased by 1 sec
Increased by 1 sec
Increased by 1 sec
Increased by 1 sec
Increased by 1 sec
Increased by 1 sec
Increased by 1 sec
Increased by 1 sec
Increased by 1 sec
Increased by 1 sec
Increased by 1 sec
Increased by 1 sec
Increased by 1 sec
Increased by 1 sec
Increased by 1 sec
Increased by 1 sec
Increased by 1 sec
Increased by 1 sec
Increased by 1 sec
Increased by 1 sec
Increased by 1 sec
Increased by 1 sec
Increased by 1 sec
Increased by 1 sec
Increased by 1 sec
Increased by 1 sec
Increased by 1 sec
Increased by 1 sec
Increased by 1 sec
Increased by 1 sec
Increased by 1 sec
Increased by 1 sec
Increased by 1 sec
Increased by 1 sec
Increased by 1 sec
Increased by 1 sec
Increased by 1 sec
Increased by 1 sec
Increased by 1 sec
Increased by 1 sec
Increased by 1 sec
Increased by 1 sec
Increased by 1 sec
Increased by 1 sec
Increased by 1 sec
Increased by 1 sec
Increased by 1 sec
Increased by 1 sec
Increased by 1 sec
Increased by 1 sec
Increased by 1 sec
Increased by 1 sec
Increased by 1 sec
Increased by 1 sec
Increased by 1 sec
Increased by 1 sec
Increased by 1 sec
Increased by 1 sec
Increased by 1 sec
Increased by 1 sec
Increased by 1 sec
Increased by 1 sec
Increased by 1 sec
Increased by 1 sec
Increased by 1 sec
Increased by 1 sec
Increased by 1 sec
Increased by 1 sec
Increased by 1 sec
Increased by 1 sec
Increased by 1 sec
Increased by 1 sec
Increased by 1 sec
Increased by 1 sec
Increased by 1 sec
Increased by 1 sec
Increased by 1 sec
Increased by 1 sec
Increased by 1 sec
Increased by 1 sec
Increased by 1 sec
Increased by 1 sec
Increased by 1 sec
Increased by 1 sec
Increased by 1 sec
Increased by 1 sec
Increased by 1 sec
Increased by 1 sec
Increased by 1 sec
Increased by 1 sec
Increased by 1 sec
Increased by 1 sec
Increased by 1 sec
Increased by 1 sec
Increased by 1 sec
Increased by 1 sec
Increased by 1 sec
Increased by 1 sec
Increased by 1 sec
Increased by 1 sec
Increased by 1 sec
Increased by 1 sec
Increased by 1 sec
Increased by 1 sec
Increased by 1 sec
Increased by 1 sec
Increased by 1 sec
Increased by 1 sec
Increased by 1 sec
Increased by 1 sec
Increased by 1 sec
Increased by 1 sec
Increased by 1 sec
Increased by 1 sec
Increased by 1 sec
Increased by 1 sec
Increased by 1 sec
Increased by 1 sec
Increased by 1 sec
Increased by 1 sec

/home/ubuntu/E-warranty-using-NFT/node_modules/@ethersproject/logger/src.ts/index.ts:261
        const error: any = new Error(message);
                           ^
Error: timeout (requestBody="{\"method\":\"evm_mine\",\"id\":44,\"jsonrpc\":\"2.0\"}", requestMethod="POST", timeout=120000, url="http://localhost:8545", code=TIMEOUT, version=web/5.6.1)
    at Logger.makeError (/home/ubuntu/E-warranty-using-NFT/node_modules/@ethersproject/logger/src.ts/index.ts:261:28)
    at Timeout._onTimeout (/home/ubuntu/E-warranty-using-NFT/node_modules/@ethersproject/web/src.ts/index.ts:216:35)
    at listOnTimeout (node:internal/timers:564:17)
    at processTimers (node:internal/timers:507:7)
